<component name="libraryTable">
  <library name="junit">
    <CLASSES>
      <root url="jar://$PROJECT_DIR$/../RaspiDJControl/lib/junit.jar!/" />
      <root url="jar://$PROJECT_DIR$/../RaspiDJControl/lib/pi4j-core.jar!/" />
      <root url="jar://$PROJECT_DIR$/../RaspiDJControl/lib/pi4j-device.jar!/" />
      <root url="jar://$PROJECT_DIR$/../RaspiDJControl/lib/pi4j-example.jar!/" />
      <root url="jar://$PROJECT_DIR$/../RaspiDJControl/lib/pi4j-gpio-extension.jar!/" />
      <root url="jar://$PROJECT_DIR$/../RaspiDJControl/lib/pi4j-service.jar!/" />
    </CLASSES>
    <JAVADOC>
      <root url="jar://$PROJECT_DIR$/../RaspiDJControl/lib/pi4j-core-javadoc.jar!/" />
      <root url="jar://$PROJECT_DIR$/../RaspiDJControl/lib/pi4j-device-javadoc.jar!/" />
      <root url="jar://$PROJECT_DIR$/../RaspiDJControl/lib/pi4j-example-javadoc.jar!/" />
      <root url="jar://$PROJECT_DIR$/../RaspiDJControl/lib/pi4j-gpio-extension-javadoc.jar!/" />
      <root url="jar://$PROJECT_DIR$/../RaspiDJControl/lib/pi4j-service-javadoc.jar!/" />
    </JAVADOC>
    <SOURCES>
      <root url="jar://$PROJECT_DIR$/../RaspiDJControl/lib/pi4j-core-sources.jar!/" />
      <root url="jar://$PROJECT_DIR$/../RaspiDJControl/lib/pi4j-device-sources.jar!/" />
      <root url="jar://$PROJECT_DIR$/../RaspiDJControl/lib/pi4j-example-sources.jar!/" />
      <root url="jar://$PROJECT_DIR$/../RaspiDJControl/lib/pi4j-gpio-extension-sources.jar!/" />
      <root url="jar://$PROJECT_DIR$/../RaspiDJControl/lib/pi4j-service-sources.jar!/" />
    </SOURCES>
  </library>
</component>